#
# There is insufficient memory for the Java Runtime Environment to continue.
# Native memory allocation (malloc) failed to allocate 523536 bytes for Chunk::new
# Possible reasons:
#   The system is out of physical RAM or swap space
#   The process is running with CompressedOops enabled, and the Java Heap may be blocking the growth of the native heap
# Possible solutions:
#   Reduce memory load on the system
#   Increase physical memory or swap space
#   Check if swap backing store is full
#   Decrease Java heap size (-Xmx/-Xms)
#   Decrease number of Java threads
#   Decrease Java thread stack sizes (-Xss)
#   Set larger code cache with -XX:ReservedCodeCacheSize=
#   JVM is running with Zero Based Compressed Oops mode in which the Java heap is
#     placed in the first 32GB address space. The Java Heap base address is the
#     maximum limit for the native heap growth. Please use -XX:HeapBaseMinAddress
#     to set the Java Heap base and to place the Java Heap above 32GB virtual address.
# This output file may be truncated or incomplete.
#
#  Out of Memory Error (./open/src/hotspot/share/memory/arena.cpp:197), pid=4392, tid=6164
#
# JRE version: Java(TM) SE Runtime Environment 18.9 (11.0.16.1+1) (build 11.0.16.1+1-LTS-1)
# Java VM: Java HotSpot(TM) 64-Bit Server VM 18.9 (11.0.16.1+1-LTS-1, mixed mode, tiered, compressed oops, g1 gc, windows-amd64)
# No core dump will be written. Minidumps are not enabled by default on client versions of Windows
#

---------------  S U M M A R Y ------------

Command Line: -ea -Didea.test.cyclic.buffer.size=1048576 -javaagent:D:\IntelliJ IDEA Community Edition 2022.2\lib\idea_rt.jar=49187:D:\IntelliJ IDEA Community Edition 2022.2\bin -Dfile.encoding=UTF-8 com.intellij.rt.testng.RemoteTestNGStarter -usedefaultlisteners false -socket49186 @w@C:\Users\Asus\AppData\Local\Temp\idea_working_dirs_testng2.tmp -temp C:\Users\Asus\AppData\Local\Temp\idea_testng2.tmp

Host: AMD Ryzen 7 4800H with Radeon Graphics         , 16 cores, 15G,  Windows 10 , 64 bit Build 19041 (10.0.19041.2364)
Time: Thu Feb  2 22:59:10 2023  Windows 10 , 64 bit Build 19041 (10.0.19041.2364) elapsed time: 13.733387 seconds (0d 0h 0m 13s)

---------------  T H R E A D  ---------------

Current thread (0x0000021dca838000):  JavaThread "C2 CompilerThread5" daemon [_thread_in_native, id=6164, stack(0x000000e5d2600000,0x000000e5d2700000)]


Current CompileTask:
C2:  13733 3345       4       org.yaml.snakeyaml.constructor.BaseConstructor::constructObjectNoCheck (127 bytes)

Stack: [0x000000e5d2600000,0x000000e5d2700000]
Native frames: (J=compiled Java code, j=interpreted, Vv=VM code, C=native code)
V  [jvm.dll+0x62a3da]
V  [jvm.dll+0x76407f]
V  [jvm.dll+0x765729]
V  [jvm.dll+0x765db3]
V  [jvm.dll+0x23dc18]
V  [jvm.dll+0xb2a1c]
V  [jvm.dll+0xb2fdc]
V  [jvm.dll+0x341452]
V  [jvm.dll+0x30ee03]
V  [jvm.dll+0x30e14a]
V  [jvm.dll+0x1f8685]
V  [jvm.dll+0x1f786d]
V  [jvm.dll+0x177c81]
V  [jvm.dll+0x207186]
V  [jvm.dll+0x20531b]
V  [jvm.dll+0x729f60]
V  [jvm.dll+0x722b34]
V  [jvm.dll+0x629276]
C  [ucrtbase.dll+0x21bb2]
C  [KERNEL32.DLL+0x17614]
C  [ntdll.dll+0x526a1]


---------------  P R O C E S S  ---------------

Threads class SMR info:
_java_thread_list=0x0000021dccf63490, length=32, elements={
0x0000021da669c800, 0x0000021dc99e2000, 0x0000021dc99eb800, 0x0000021dca2ee000,
0x0000021dca2f1000, 0x0000021dca2f2000, 0x0000021dca2f8800, 0x0000021dca308000,
0x0000021dca30a800, 0x0000021dc999c800, 0x0000021dca45c000, 0x0000021dca83d000,
0x0000021dcb97d000, 0x0000021dcc9a7800, 0x0000021dcc913800, 0x0000021dccfaf800,
0x0000021dccfac800, 0x0000021dccfb0800, 0x0000021dccfad800, 0x0000021dccfb1800,
0x0000021dccfae000, 0x0000021dccfaf000, 0x0000021dccfb3000, 0x0000021dcb492800,
0x0000021dca355000, 0x0000021dcb2e4800, 0x0000021dcc98f800, 0x0000021dcb18f000,
0x0000021dcadaf000, 0x0000021dca838000, 0x0000021dcb30d000, 0x0000021dcc992000
}

Java Threads: ( => current thread )
  0x0000021da669c800 JavaThread "Forwarding sendKeysToElement on session 4d3f90975dc835691ee83ec75d8e12dc to remote" [_thread_blocked, id=1244, stack(0x000000e5cfb00000,0x000000e5cfc00000)]
  0x0000021dc99e2000 JavaThread "Reference Handler" daemon [_thread_blocked, id=17360, stack(0x000000e5d0200000,0x000000e5d0300000)]
  0x0000021dc99eb800 JavaThread "Finalizer" daemon [_thread_blocked, id=19644, stack(0x000000e5d0300000,0x000000e5d0400000)]
  0x0000021dca2ee000 JavaThread "Signal Dispatcher" daemon [_thread_blocked, id=13364, stack(0x000000e5d0400000,0x000000e5d0500000)]
  0x0000021dca2f1000 JavaThread "Attach Listener" daemon [_thread_blocked, id=19652, stack(0x000000e5d0500000,0x000000e5d0600000)]
  0x0000021dca2f2000 JavaThread "Service Thread" daemon [_thread_blocked, id=15976, stack(0x000000e5d0600000,0x000000e5d0700000)]
  0x0000021dca2f8800 JavaThread "C2 CompilerThread0" daemon [_thread_blocked, id=12824, stack(0x000000e5d0700000,0x000000e5d0800000)]
  0x0000021dca308000 JavaThread "C1 CompilerThread0" daemon [_thread_blocked, id=17452, stack(0x000000e5d0800000,0x000000e5d0900000)]
  0x0000021dca30a800 JavaThread "Sweeper thread" daemon [_thread_blocked, id=18960, stack(0x000000e5d0900000,0x000000e5d0a00000)]
  0x0000021dc999c800 JavaThread "Common-Cleaner" daemon [_thread_blocked, id=2960, stack(0x000000e5d0a00000,0x000000e5d0b00000)]
  0x0000021dca45c000 JavaThread "C1 CompilerThread1" daemon [_thread_blocked, id=2912, stack(0x000000e5d0b00000,0x000000e5d0c00000)]
  0x0000021dca83d000 JavaThread "Monitor Ctrl-Break" daemon [_thread_in_native, id=21192, stack(0x000000e5d0f00000,0x000000e5d1000000)]
  0x0000021dcb97d000 JavaThread "ForkJoinPool.commonPool-worker-19" daemon [_thread_blocked, id=20336, stack(0x000000e5d1a00000,0x000000e5d1b00000)]
  0x0000021dcc9a7800 JavaThread "AsyncHttpClient-1-1" daemon [_thread_blocked, id=13960, stack(0x000000e5d1b00000,0x000000e5d1c00000)]
  0x0000021dcc913800 JavaThread "Exec Default Executor" daemon [_thread_in_native, id=12116, stack(0x000000e5d1c00000,0x000000e5d1d00000)]
  0x0000021dccfaf800 JavaThread "Exec Stream Pumper" daemon [_thread_in_native, id=7372, stack(0x000000e5d1d00000,0x000000e5d1e00000)]
  0x0000021dccfac800 JavaThread "Exec Stream Pumper" daemon [_thread_in_native, id=4048, stack(0x000000e5d1e00000,0x000000e5d1f00000)]
  0x0000021dccfb0800 JavaThread "Driver Service Executor" daemon [_thread_blocked, id=17624, stack(0x000000e5d1f00000,0x000000e5d2000000)]
  0x0000021dccfad800 JavaThread "Driver Service Executor" daemon [_thread_blocked, id=21292, stack(0x000000e5d2000000,0x000000e5d2100000)]
  0x0000021dccfb1800 JavaThread "UrlChecker-2" daemon [_thread_blocked, id=16696, stack(0x000000e5d2100000,0x000000e5d2200000)]
  0x0000021dccfae000 JavaThread "AsyncHttpClient-1-2" daemon [_thread_in_native, id=19540, stack(0x000000e5d1600000,0x000000e5d1700000)]
  0x0000021dccfaf000 JavaThread "AsyncHttpClient-1-3" daemon [_thread_in_native, id=5676, stack(0x000000e5d0d00000,0x000000e5d0e00000)]
  0x0000021dccfb3000 JavaThread "AsyncHttpClient-1-4" daemon [_thread_in_native, id=20508, stack(0x000000e5d1400000,0x000000e5d1500000)]
  0x0000021dcb492800 JavaThread "C1 CompilerThread2" daemon [_thread_blocked, id=17532, stack(0x000000e5d0c00000,0x000000e5d0d00000)]
  0x0000021dca355000 JavaThread "C1 CompilerThread3" daemon [_thread_blocked, id=21392, stack(0x000000e5d1500000,0x000000e5d1600000)]
  0x0000021dcb2e4800 JavaThread "C2 CompilerThread1" daemon [_thread_in_native, id=14716, stack(0x000000e5d1700000,0x000000e5d1800000)]
  0x0000021dcc98f800 JavaThread "C2 CompilerThread2" daemon [_thread_blocked, id=21368, stack(0x000000e5d2300000,0x000000e5d2400000)]
  0x0000021dcb18f000 JavaThread "C2 CompilerThread3" daemon [_thread_blocked, id=16464, stack(0x000000e5d2400000,0x000000e5d2500000)]
  0x0000021dcadaf000 JavaThread "C2 CompilerThread4" daemon [_thread_in_native, id=5000, stack(0x000000e5d2500000,0x000000e5d2600000)]
=>0x0000021dca838000 JavaThread "C2 CompilerThread5" daemon [_thread_in_native, id=6164, stack(0x000000e5d2600000,0x000000e5d2700000)]
  0x0000021dcb30d000 JavaThread "C2 CompilerThread6" daemon [_thread_blocked, id=5328, stack(0x000000e5d2700000,0x000000e5d2800000)]
  0x0000021dcc992000 JavaThread "C2 CompilerThread7" daemon [_thread_in_native, id=14168, stack(0x000000e5d2800000,0x000000e5d2900000)]

Other Threads:
  0x0000021dc99de000 VMThread "VM Thread" [stack: 0x000000e5d0100000,0x000000e5d0200000] [id=2152]
  0x0000021dca842000 WatcherThread [stack: 0x000000e5d1000000,0x000000e5d1100000] [id=18636]
  0x0000021da66b2800 GCTaskThread "GC Thread#0" [stack: 0x000000e5cfc00000,0x000000e5cfd00000] [id=6984]
  0x0000021dcb530800 GCTaskThread "GC Thread#1" [stack: 0x000000e5d0e00000,0x000000e5d0f00000] [id=4148]
  0x0000021dcae93800 GCTaskThread "GC Thread#2" [stack: 0x000000e5d1100000,0x000000e5d1200000] [id=20372]
  0x0000021dcb4e5000 GCTaskThread "GC Thread#3" [stack: 0x000000e5d1200000,0x000000e5d1300000] [id=3812]
  0x0000021dcb4e5800 GCTaskThread "GC Thread#4" [stack: 0x000000e5d1300000,0x000000e5d1400000] [id=9968]
  0x0000021da670d000 ConcurrentGCThread "G1 Main Marker" [stack: 0x000000e5cfd00000,0x000000e5cfe00000] [id=15924]
  0x0000021da6711800 ConcurrentGCThread "G1 Conc#0" [stack: 0x000000e5cfe00000,0x000000e5cff00000] [id=3644]
  0x0000021dcb430800 ConcurrentGCThread "G1 Conc#1" [stack: 0x000000e5d1800000,0x000000e5d1900000] [id=13788]
  0x0000021dcc994000 ConcurrentGCThread "G1 Conc#2" [stack: 0x000000e5d1900000,0x000000e5d1a00000] [id=4544]
  0x0000021dc98b8000 ConcurrentGCThread "G1 Refine#0" [stack: 0x000000e5cff00000,0x000000e5d0000000] [id=9112]
  0x0000021dc98b9800 ConcurrentGCThread "G1 Young RemSet Sampling" [stack: 0x000000e5d0000000,0x000000e5d0100000] [id=7940]

Threads with active compile tasks:
C2 CompilerThread1    13752 3305       4       org.yaml.snakeyaml.scanner.ScannerImpl::fetchMoreTokens (503 bytes)
C2 CompilerThread4    13752 3344       4       org.yaml.snakeyaml.constructor.BaseConstructor::constructObject (30 bytes)
C2 CompilerThread5    13752 3345       4       org.yaml.snakeyaml.constructor.BaseConstructor::constructObjectNoCheck (127 bytes)
C2 CompilerThread7    13752 3309       4       org.yaml.snakeyaml.scanner.ScannerImpl::scanPlain (248 bytes)

VM state:not at safepoint (normal execution)

VM Mutex/Monitor currently owned by a thread: None

Heap address: 0x0000000709200000, size: 3950 MB, Compressed Oops mode: Zero based, Oop shift amount: 3
Narrow klass base: 0x0000000800000000, Narrow klass shift: 0
Compressed class space size: 1073741824 Address: 0x0000000800000000

Heap:
 garbage-first heap   total 253952K, used 75729K [0x0000000709200000, 0x0000000800000000)
  region size 1024K, 61 young (62464K), 3 survivors (3072K)
 Metaspace       used 33413K, capacity 34477K, committed 34560K, reserved 1079296K
  class space    used 3867K, capacity 4298K, committed 4352K, reserved 1048576K
Heap Regions: E=young(eden), S=young(survivor), O=old, HS=humongous(starts), HC=humongous(continues), CS=collection set, F=free, A=archive, TAMS=top-at-mark-start (previous, next)
|   0|0x0000000709200000, 0x0000000709300000, 0x0000000709300000|100%| O|  |TAMS 0x0000000709300000, 0x0000000709200000| Untracked 
|   1|0x0000000709300000, 0x0000000709400000, 0x0000000709400000|100%| O|  |TAMS 0x0000000709400000, 0x0000000709300000| Untracked 
|   2|0x0000000709400000, 0x0000000709500000, 0x0000000709500000|100%| O|  |TAMS 0x000000070944de00, 0x0000000709400000| Untracked 
|   3|0x0000000709500000, 0x0000000709600000, 0x0000000709600000|100%| O|  |TAMS 0x0000000709500000, 0x0000000709500000| Untracked 
|   4|0x0000000709600000, 0x0000000709700000, 0x0000000709700000|100%| O|  |TAMS 0x0000000709600000, 0x0000000709600000| Untracked 
|   5|0x0000000709700000, 0x0000000709800000, 0x0000000709800000|100%| O|  |TAMS 0x0000000709700000, 0x0000000709700000| Untracked 
|   6|0x0000000709800000, 0x0000000709900000, 0x0000000709900000|100%| O|  |TAMS 0x0000000709800000, 0x0000000709800000| Untracked 
|   7|0x0000000709900000, 0x0000000709a00000, 0x0000000709a00000|100%| O|  |TAMS 0x0000000709900000, 0x0000000709900000| Untracked 
|   8|0x0000000709a00000, 0x0000000709b00000, 0x0000000709b00000|100%| O|  |TAMS 0x0000000709a00000, 0x0000000709a00000| Untracked 
|   9|0x0000000709b00000, 0x0000000709c00000, 0x0000000709c00000|100%| O|  |TAMS 0x0000000709b00000, 0x0000000709b00000| Untracked 
|  10|0x0000000709c00000, 0x0000000709c1c800, 0x0000000709d00000| 11%| O|  |TAMS 0x0000000709c00000, 0x0000000709c00000| Untracked 
|  11|0x0000000709d00000, 0x0000000709e00000, 0x0000000709e00000|100%|HS|  |TAMS 0x0000000709d00000, 0x0000000709d00000| Complete 
|  12|0x0000000709e00000, 0x0000000709f00000, 0x0000000709f00000|100%|HC|  |TAMS 0x0000000709e00000, 0x0000000709e00000| Complete 
|  13|0x0000000709f00000, 0x000000070a000000, 0x000000070a000000|100%|HC|  |TAMS 0x0000000709f00000, 0x0000000709f00000| Complete 
|  14|0x000000070a000000, 0x000000070a100000, 0x000000070a100000|100%|HC|  |TAMS 0x000000070a000000, 0x000000070a000000| Complete 
|  15|0x000000070a100000, 0x000000070a200000, 0x000000070a200000|100%|HC|  |TAMS 0x000000070a100000, 0x000000070a100000| Complete 
|  16|0x000000070a200000, 0x000000070a200000, 0x000000070a300000|  0%| F|  |TAMS 0x000000070a200000, 0x000000070a200000| Untracked 
|  17|0x000000070a300000, 0x000000070a300000, 0x000000070a400000|  0%| F|  |TAMS 0x000000070a300000, 0x000000070a300000| Untracked 
|  18|0x000000070a400000, 0x000000070a400000, 0x000000070a500000|  0%| F|  |TAMS 0x000000070a400000, 0x000000070a400000| Untracked 
|  19|0x000000070a500000, 0x000000070a500000, 0x000000070a600000|  0%| F|  |TAMS 0x000000070a500000, 0x000000070a500000| Untracked 
|  20|0x000000070a600000, 0x000000070a600000, 0x000000070a700000|  0%| F|  |TAMS 0x000000070a600000, 0x000000070a600000| Untracked 
|  21|0x000000070a700000, 0x000000070a700000, 0x000000070a800000|  0%| F|  |TAMS 0x000000070a700000, 0x000000070a700000| Untracked 
|  22|0x000000070a800000, 0x000000070a800000, 0x000000070a900000|  0%| F|  |TAMS 0x000000070a800000, 0x000000070a800000| Untracked 
|  23|0x000000070a900000, 0x000000070a900000, 0x000000070aa00000|  0%| F|  |TAMS 0x000000070a900000, 0x000000070a900000| Untracked 
|  24|0x000000070aa00000, 0x000000070aa00000, 0x000000070ab00000|  0%| F|  |TAMS 0x000000070aa00000, 0x000000070aa00000| Untracked 
|  25|0x000000070ab00000, 0x000000070ab00000, 0x000000070ac00000|  0%| F|  |TAMS 0x000000070ab00000, 0x000000070ab00000| Untracked 
|  26|0x000000070ac00000, 0x000000070ac00000, 0x000000070ad00000|  0%| F|  |TAMS 0x000000070ac00000, 0x000000070ac00000| Untracked 
|  27|0x000000070ad00000, 0x000000070ad00000, 0x000000070ae00000|  0%| F|  |TAMS 0x000000070ad00000, 0x000000070ad00000| Untracked 
|  28|0x000000070ae00000, 0x000000070ae00000, 0x000000070af00000|  0%| F|  |TAMS 0x000000070ae00000, 0x000000070ae00000| Untracked 
|  29|0x000000070af00000, 0x000000070af00000, 0x000000070b000000|  0%| F|  |TAMS 0x000000070af00000, 0x000000070af00000| Untracked 
|  30|0x000000070b000000, 0x000000070b000000, 0x000000070b100000|  0%| F|  |TAMS 0x000000070b000000, 0x000000070b000000| Untracked 
|  31|0x000000070b100000, 0x000000070b100000, 0x000000070b200000|  0%| F|  |TAMS 0x000000070b100000, 0x000000070b100000| Untracked 
|  32|0x000000070b200000, 0x000000070b200000, 0x000000070b300000|  0%| F|  |TAMS 0x000000070b200000, 0x000000070b200000| Untracked 
|  33|0x000000070b300000, 0x000000070b300000, 0x000000070b400000|  0%| F|  |TAMS 0x000000070b300000, 0x000000070b300000| Untracked 
|  34|0x000000070b400000, 0x000000070b400000, 0x000000070b500000|  0%| F|  |TAMS 0x000000070b400000, 0x000000070b400000| Untracked 
|  35|0x000000070b500000, 0x000000070b500000, 0x000000070b600000|  0%| F|  |TAMS 0x000000070b500000, 0x000000070b500000| Untracked 
|  36|0x000000070b600000, 0x000000070b600000, 0x000000070b700000|  0%| F|  |TAMS 0x000000070b600000, 0x000000070b600000| Untracked 
|  37|0x000000070b700000, 0x000000070b700000, 0x000000070b800000|  0%| F|  |TAMS 0x000000070b700000, 0x000000070b700000| Untracked 
|  38|0x000000070b800000, 0x000000070b800000, 0x000000070b900000|  0%| F|  |TAMS 0x000000070b800000, 0x000000070b800000| Untracked 
|  39|0x000000070b900000, 0x000000070b900000, 0x000000070ba00000|  0%| F|  |TAMS 0x000000070b900000, 0x000000070b900000| Untracked 
|  40|0x000000070ba00000, 0x000000070ba00000, 0x000000070bb00000|  0%| F|  |TAMS 0x000000070ba00000, 0x000000070ba00000| Untracked 
|  41|0x000000070bb00000, 0x000000070bb00000, 0x000000070bc00000|  0%| F|  |TAMS 0x000000070bb00000, 0x000000070bb00000| Untracked 
|  42|0x000000070bc00000, 0x000000070bc00000, 0x000000070bd00000|  0%| F|  |TAMS 0x000000070bc00000, 0x000000070bc00000| Untracked 
|  43|0x000000070bd00000, 0x000000070bd00000, 0x000000070be00000|  0%| F|  |TAMS 0x000000070bd00000, 0x000000070bd00000| Untracked 
|  44|0x000000070be00000, 0x000000070be00000, 0x000000070bf00000|  0%| F|  |TAMS 0x000000070be00000, 0x000000070be00000| Untracked 
|  45|0x000000070bf00000, 0x000000070bf00000, 0x000000070c000000|  0%| F|  |TAMS 0x000000070bf00000, 0x000000070bf00000| Untracked 
|  46|0x000000070c000000, 0x000000070c000000, 0x000000070c100000|  0%| F|  |TAMS 0x000000070c000000, 0x000000070c000000| Untracked 
|  47|0x000000070c100000, 0x000000070c100000, 0x000000070c200000|  0%| F|  |TAMS 0x000000070c100000, 0x000000070c100000| Untracked 
|  48|0x000000070c200000, 0x000000070c200000, 0x000000070c300000|  0%| F|  |TAMS 0x000000070c200000, 0x000000070c200000| Untracked 
|  49|0x000000070c300000, 0x000000070c300000, 0x000000070c400000|  0%| F|  |TAMS 0x000000070c300000, 0x000000070c300000| Untracked 
|  50|0x000000070c400000, 0x000000070c400000, 0x000000070c500000|  0%| F|  |TAMS 0x000000070c400000, 0x000000070c400000| Untracked 
|  51|0x000000070c500000, 0x000000070c500000, 0x000000070c600000|  0%| F|  |TAMS 0x000000070c500000, 0x000000070c500000| Untracked 
|  52|0x000000070c600000, 0x000000070c600000, 0x000000070c700000|  0%| F|  |TAMS 0x000000070c600000, 0x000000070c600000| Untracked 
|  53|0x000000070c700000, 0x000000070c700000, 0x000000070c800000|  0%| F|  |TAMS 0x000000070c700000, 0x000000070c700000| Untracked 
|  54|0x000000070c800000, 0x000000070c800000, 0x000000070c900000|  0%| F|  |TAMS 0x000000070c800000, 0x000000070c800000| Untracked 
|  55|0x000000070c900000, 0x000000070c900000, 0x000000070ca00000|  0%| F|  |TAMS 0x000000070c900000, 0x000000070c900000| Untracked 
|  56|0x000000070ca00000, 0x000000070ca00000, 0x000000070cb00000|  0%| F|  |TAMS 0x000000070ca00000, 0x000000070ca00000| Untracked 
|  57|0x000000070cb00000, 0x000000070cb00000, 0x000000070cc00000|  0%| F|  |TAMS 0x000000070cb00000, 0x000000070cb00000| Untracked 
|  58|0x000000070cc00000, 0x000000070cc00000, 0x000000070cd00000|  0%| F|  |TAMS 0x000000070cc00000, 0x000000070cc00000| Untracked 
|  59|0x000000070cd00000, 0x000000070cd00000, 0x000000070ce00000|  0%| F|  |TAMS 0x000000070cd00000, 0x000000070cd00000| Untracked 
|  60|0x000000070ce00000, 0x000000070ce00000, 0x000000070cf00000|  0%| F|  |TAMS 0x000000070ce00000, 0x000000070ce00000| Untracked 
|  61|0x000000070cf00000, 0x000000070cf00000, 0x000000070d000000|  0%| F|  |TAMS 0x000000070cf00000, 0x000000070cf00000| Untracked 
|  62|0x000000070d000000, 0x000000070d000000, 0x000000070d100000|  0%| F|  |TAMS 0x000000070d000000, 0x000000070d000000| Untracked 
|  63|0x000000070d100000, 0x000000070d100000, 0x000000070d200000|  0%| F|  |TAMS 0x000000070d100000, 0x000000070d100000| Untracked 
|  64|0x000000070d200000, 0x000000070d200000, 0x000000070d300000|  0%| F|  |TAMS 0x000000070d200000, 0x000000070d200000| Untracked 
|  65|0x000000070d300000, 0x000000070d300000, 0x000000070d400000|  0%| F|  |TAMS 0x000000070d300000, 0x000000070d300000| Untracked 
|  66|0x000000070d400000, 0x000000070d400000, 0x000000070d500000|  0%| F|  |TAMS 0x000000070d400000, 0x000000070d400000| Untracked 
|  67|0x000000070d500000, 0x000000070d500000, 0x000000070d600000|  0%| F|  |TAMS 0x000000070d500000, 0x000000070d500000| Untracked 
|  68|0x000000070d600000, 0x000000070d600000, 0x000000070d700000|  0%| F|  |TAMS 0x000000070d600000, 0x000000070d600000| Untracked 
|  69|0x000000070d700000, 0x000000070d700000, 0x000000070d800000|  0%| F|  |TAMS 0x000000070d700000, 0x000000070d700000| Untracked 
|  70|0x000000070d800000, 0x000000070d800000, 0x000000070d900000|  0%| F|  |TAMS 0x000000070d800000, 0x000000070d800000| Untracked 
|  71|0x000000070d900000, 0x000000070d900000, 0x000000070da00000|  0%| F|  |TAMS 0x000000070d900000, 0x000000070d900000| Untracked 
|  72|0x000000070da00000, 0x000000070da00000, 0x000000070db00000|  0%| F|  |TAMS 0x000000070da00000, 0x000000070da00000| Untracked 
|  73|0x000000070db00000, 0x000000070db00000, 0x000000070dc00000|  0%| F|  |TAMS 0x000000070db00000, 0x000000070db00000| Untracked 
|  74|0x000000070dc00000, 0x000000070dc00000, 0x000000070dd00000|  0%| F|  |TAMS 0x000000070dc00000, 0x000000070dc00000| Untracked 
|  75|0x000000070dd00000, 0x000000070dd00000, 0x000000070de00000|  0%| F|  |TAMS 0x000000070dd00000, 0x000000070dd00000| Untracked 
|  76|0x000000070de00000, 0x000000070de00000, 0x000000070df00000|  0%| F|  |TAMS 0x000000070de00000, 0x000000070de00000| Untracked 
|  77|0x000000070df00000, 0x000000070df00000, 0x000000070e000000|  0%| F|  |TAMS 0x000000070df00000, 0x000000070df00000| Untracked 
|  78|0x000000070e000000, 0x000000070e000000, 0x000000070e100000|  0%| F|  |TAMS 0x000000070e000000, 0x000000070e000000| Untracked 
|  79|0x000000070e100000, 0x000000070e100000, 0x000000070e200000|  0%| F|  |TAMS 0x000000070e100000, 0x000000070e100000| Untracked 
|  80|0x000000070e200000, 0x000000070e200000, 0x000000070e300000|  0%| F|  |TAMS 0x000000070e200000, 0x000000070e200000| Untracked 
|  81|0x000000070e300000, 0x000000070e300000, 0x000000070e400000|  0%| F|  |TAMS 0x000000070e300000, 0x000000070e300000| Untracked 
|  82|0x000000070e400000, 0x000000070e400000, 0x000000070e500000|  0%| F|  |TAMS 0x000000070e400000, 0x000000070e400000| Untracked 
|  83|0x000000070e500000, 0x000000070e500000, 0x000000070e600000|  0%| F|  |TAMS 0x000000070e500000, 0x000000070e500000| Untracked 
|  84|0x000000070e600000, 0x000000070e600000, 0x000000070e700000|  0%| F|  |TAMS 0x000000070e600000, 0x000000070e600000| Untracked 
|  85|0x000000070e700000, 0x000000070e700000, 0x000000070e800000|  0%| F|  |TAMS 0x000000070e700000, 0x000000070e700000| Untracked 
|  86|0x000000070e800000, 0x000000070e800000, 0x000000070e900000|  0%| F|  |TAMS 0x000000070e800000, 0x000000070e800000| Untracked 
|  87|0x000000070e900000, 0x000000070e900000, 0x000000070ea00000|  0%| F|  |TAMS 0x000000070e900000, 0x000000070e900000| Untracked 
|  88|0x000000070ea00000, 0x000000070ea00000, 0x000000070eb00000|  0%| F|  |TAMS 0x000000070ea00000, 0x000000070ea00000| Untracked 
|  89|0x000000070eb00000, 0x000000070eb00000, 0x000000070ec00000|  0%| F|  |TAMS 0x000000070eb00000, 0x000000070eb00000| Untracked 
|  90|0x000000070ec00000, 0x000000070ec00000, 0x000000070ed00000|  0%| F|  |TAMS 0x000000070ec00000, 0x000000070ec00000| Untracked 
|  91|0x000000070ed00000, 0x000000070ed00000, 0x000000070ee00000|  0%| F|  |TAMS 0x000000070ed00000, 0x000000070ed00000| Untracked 
|  92|0x000000070ee00000, 0x000000070ee00000, 0x000000070ef00000|  0%| F|  |TAMS 0x000000070ee00000, 0x000000070ee00000| Untracked 
|  93|0x000000070ef00000, 0x000000070ef00000, 0x000000070f000000|  0%| F|  |TAMS 0x000000070ef00000, 0x000000070ef00000| Untracked 
|  94|0x000000070f000000, 0x000000070f000000, 0x000000070f100000|  0%| F|  |TAMS 0x000000070f000000, 0x000000070f000000| Untracked 
|  95|0x000000070f100000, 0x000000070f100000, 0x000000070f200000|  0%| F|  |TAMS 0x000000070f100000, 0x000000070f100000| Untracked 
|  96|0x000000070f200000, 0x000000070f200000, 0x000000070f300000|  0%| F|  |TAMS 0x000000070f200000, 0x000000070f200000| Untracked 
|  97|0x000000070f300000, 0x000000070f300000, 0x000000070f400000|  0%| F|  |TAMS 0x000000070f300000, 0x000000070f300000| Untracked 
|  98|0x000000070f400000, 0x000000070f400000, 0x000000070f500000|  0%| F|  |TAMS 0x000000070f400000, 0x000000070f400000| Untracked 
|  99|0x000000070f500000, 0x000000070f500000, 0x000000070f600000|  0%| F|  |TAMS 0x000000070f500000, 0x000000070f500000| Untracked 
| 100|0x000000070f600000, 0x000000070f600000, 0x000000070f700000|  0%| F|  |TAMS 0x000000070f600000, 0x000000070f600000| Untracked 
| 101|0x000000070f700000, 0x000000070f700000, 0x000000070f800000|  0%| F|  |TAMS 0x000000070f700000, 0x000000070f700000| Untracked 
| 102|0x000000070f800000, 0x000000070f800000, 0x000000070f900000|  0%| F|  |TAMS 0x000000070f800000, 0x000000070f800000| Untracked 
| 103|0x000000070f900000, 0x000000070f900000, 0x000000070fa00000|  0%| F|  |TAMS 0x000000070f900000, 0x000000070f900000| Untracked 
| 104|0x000000070fa00000, 0x000000070fa00000, 0x000000070fb00000|  0%| F|  |TAMS 0x000000070fa00000, 0x000000070fa00000| Untracked 
| 105|0x000000070fb00000, 0x000000070fb00000, 0x000000070fc00000|  0%| F|  |TAMS 0x000000070fb00000, 0x000000070fb00000| Untracked 
| 106|0x000000070fc00000, 0x000000070fc00000, 0x000000070fd00000|  0%| F|  |TAMS 0x000000070fc00000, 0x000000070fc00000| Untracked 
| 107|0x000000070fd00000, 0x000000070fd00000, 0x000000070fe00000|  0%| F|  |TAMS 0x000000070fd00000, 0x000000070fd00000| Untracked 
| 108|0x000000070fe00000, 0x000000070fe00000, 0x000000070ff00000|  0%| F|  |TAMS 0x000000070fe00000, 0x000000070fe00000| Untracked 
| 109|0x000000070ff00000, 0x000000070ff00000, 0x0000000710000000|  0%| F|  |TAMS 0x000000070ff00000, 0x000000070ff00000| Untracked 
| 110|0x0000000710000000, 0x0000000710000000, 0x0000000710100000|  0%| F|  |TAMS 0x0000000710000000, 0x0000000710000000| Untracked 
| 111|0x0000000710100000, 0x0000000710100000, 0x0000000710200000|  0%| F|  |TAMS 0x0000000710100000, 0x0000000710100000| Untracked 
| 112|0x0000000710200000, 0x0000000710200000, 0x0000000710300000|  0%| F|  |TAMS 0x0000000710200000, 0x0000000710200000| Untracked 
| 113|0x0000000710300000, 0x0000000710300000, 0x0000000710400000|  0%| F|  |TAMS 0x0000000710300000, 0x0000000710300000| Untracked 
| 114|0x0000000710400000, 0x0000000710400000, 0x0000000710500000|  0%| F|  |TAMS 0x0000000710400000, 0x0000000710400000| Untracked 
| 115|0x0000000710500000, 0x0000000710500000, 0x0000000710600000|  0%| F|  |TAMS 0x0000000710500000, 0x0000000710500000| Untracked 
| 116|0x0000000710600000, 0x0000000710600000, 0x0000000710700000|  0%| F|  |TAMS 0x0000000710600000, 0x0000000710600000| Untracked 
| 117|0x0000000710700000, 0x0000000710700000, 0x0000000710800000|  0%| F|  |TAMS 0x0000000710700000, 0x0000000710700000| Untracked 
| 118|0x0000000710800000, 0x0000000710800000, 0x0000000710900000|  0%| F|  |TAMS 0x0000000710800000, 0x0000000710800000| Untracked 
| 119|0x0000000710900000, 0x0000000710900000, 0x0000000710a00000|  0%| F|  |TAMS 0x0000000710900000, 0x0000000710900000| Untracked 
| 120|0x0000000710a00000, 0x0000000710a00000, 0x0000000710b00000|  0%| F|  |TAMS 0x0000000710a00000, 0x0000000710a00000| Untracked 
| 121|0x0000000710b00000, 0x0000000710b00000, 0x0000000710c00000|  0%| F|  |TAMS 0x0000000710b00000, 0x0000000710b00000| Untracked 
| 122|0x0000000710c00000, 0x0000000710c00000, 0x0000000710d00000|  0%| F|  |TAMS 0x0000000710c00000, 0x0000000710c00000| Untracked 
| 123|0x0000000710d00000, 0x0000000710d00000, 0x0000000710e00000|  0%| F|  |TAMS 0x0000000710d00000, 0x0000000710d00000| Untracked 
| 124|0x0000000710e00000, 0x0000000710e00000, 0x0000000710f00000|  0%| F|  |TAMS 0x0000000710e00000, 0x0000000710e00000| Untracked 
| 125|0x0000000710f00000, 0x0000000710f00000, 0x0000000711000000|  0%| F|  |TAMS 0x0000000710f00000, 0x0000000710f00000| Untracked 
| 126|0x0000000711000000, 0x0000000711000000, 0x0000000711100000|  0%| F|  |TAMS 0x0000000711000000, 0x0000000711000000| Untracked 
| 127|0x0000000711100000, 0x0000000711100000, 0x0000000711200000|  0%| F|  |TAMS 0x0000000711100000, 0x0000000711100000| Untracked 
| 128|0x0000000711200000, 0x0000000711200000, 0x0000000711300000|  0%| F|  |TAMS 0x0000000711200000, 0x0000000711200000| Untracked 
| 129|0x0000000711300000, 0x0000000711300000, 0x0000000711400000|  0%| F|  |TAMS 0x0000000711300000, 0x0000000711300000| Untracked 
| 130|0x0000000711400000, 0x0000000711400000, 0x0000000711500000|  0%| F|  |TAMS 0x0000000711400000, 0x0000000711400000| Untracked 
| 131|0x0000000711500000, 0x0000000711500000, 0x0000000711600000|  0%| F|  |TAMS 0x0000000711500000, 0x0000000711500000| Untracked 
| 132|0x0000000711600000, 0x0000000711600000, 0x0000000711700000|  0%| F|  |TAMS 0x0000000711600000, 0x0000000711600000| Untracked 
| 133|0x0000000711700000, 0x0000000711700000, 0x0000000711800000|  0%| F|  |TAMS 0x0000000711700000, 0x0000000711700000| Untracked 
| 134|0x0000000711800000, 0x0000000711800000, 0x0000000711900000|  0%| F|  |TAMS 0x0000000711800000, 0x0000000711800000| Untracked 
| 135|0x0000000711900000, 0x0000000711900000, 0x0000000711a00000|  0%| F|  |TAMS 0x0000000711900000, 0x0000000711900000| Untracked 
| 136|0x0000000711a00000, 0x0000000711a00000, 0x0000000711b00000|  0%| F|  |TAMS 0x0000000711a00000, 0x0000000711a00000| Untracked 
| 137|0x0000000711b00000, 0x0000000711b00000, 0x0000000711c00000|  0%| F|  |TAMS 0x0000000711b00000, 0x0000000711b00000| Untracked 
| 138|0x0000000711c00000, 0x0000000711c00000, 0x0000000711d00000|  0%| F|  |TAMS 0x0000000711c00000, 0x0000000711c00000| Untracked 
| 139|0x0000000711d00000, 0x0000000711d00000, 0x0000000711e00000|  0%| F|  |TAMS 0x0000000711d00000, 0x0000000711d00000| Untracked 
| 140|0x0000000711e00000, 0x0000000711e00000, 0x0000000711f00000|  0%| F|  |TAMS 0x0000000711e00000, 0x0000000711e00000| Untracked 
| 141|0x0000000711f00000, 0x0000000711f00000, 0x0000000712000000|  0%| F|  |TAMS 0x0000000711f00000, 0x0000000711f00000| Untracked 
| 142|0x0000000712000000, 0x0000000712000000, 0x0000000712100000|  0%| F|  |TAMS 0x0000000712000000, 0x0000000712000000| Untracked 
| 143|0x0000000712100000, 0x0000000712100000, 0x0000000712200000|  0%| F|  |TAMS 0x0000000712100000, 0x0000000712100000| Untracked 
| 144|0x0000000712200000, 0x0000000712200000, 0x0000000712300000|  0%| F|  |TAMS 0x0000000712200000, 0x0000000712200000| Untracked 
| 145|0x0000000712300000, 0x0000000712300000, 0x0000000712400000|  0%| F|  |TAMS 0x0000000712300000, 0x0000000712300000| Untracked 
| 146|0x0000000712400000, 0x0000000712400000, 0x0000000712500000|  0%| F|  |TAMS 0x0000000712400000, 0x0000000712400000| Untracked 
| 147|0x0000000712500000, 0x0000000712500000, 0x0000000712600000|  0%| F|  |TAMS 0x0000000712500000, 0x0000000712500000| Untracked 
| 148|0x0000000712600000, 0x0000000712600000, 0x0000000712700000|  0%| F|  |TAMS 0x0000000712600000, 0x0000000712600000| Untracked 
| 149|0x0000000712700000, 0x0000000712700000, 0x0000000712800000|  0%| F|  |TAMS 0x0000000712700000, 0x0000000712700000| Untracked 
| 150|0x0000000712800000, 0x0000000712800000, 0x0000000712900000|  0%| F|  |TAMS 0x0000000712800000, 0x0000000712800000| Untracked 
| 151|0x0000000712900000, 0x0000000712900000, 0x0000000712a00000|  0%| F|  |TAMS 0x0000000712900000, 0x0000000712900000| Untracked 
| 152|0x0000000712a00000, 0x0000000712a00000, 0x0000000712b00000|  0%| F|  |TAMS 0x0000000712a00000, 0x0000000712a00000| Untracked 
| 153|0x0000000712b00000, 0x0000000712b00000, 0x0000000712c00000|  0%| F|  |TAMS 0x0000000712b00000, 0x0000000712b00000| Untracked 
| 154|0x0000000712c00000, 0x0000000712c00000, 0x0000000712d00000|  0%| F|  |TAMS 0x0000000712c00000, 0x0000000712c00000| Untracked 
| 155|0x0000000712d00000, 0x0000000712d00000, 0x0000000712e00000|  0%| F|  |TAMS 0x0000000712d00000, 0x0000000712d00000| Untracked 
| 156|0x0000000712e00000, 0x0000000712e00000, 0x0000000712f00000|  0%| F|  |TAMS 0x0000000712e00000, 0x0000000712e00000| Untracked 
| 157|0x0000000712f00000, 0x0000000712f00000, 0x0000000713000000|  0%| F|  |TAMS 0x0000000712f00000, 0x0000000712f00000| Untracked 
| 158|0x0000000713000000, 0x0000000713000000, 0x0000000713100000|  0%| F|  |TAMS 0x0000000713000000, 0x0000000713000000| Untracked 
| 159|0x0000000713100000, 0x0000000713100000, 0x0000000713200000|  0%| F|  |TAMS 0x0000000713100000, 0x0000000713100000| Untracked 
| 160|0x0000000713200000, 0x0000000713200000, 0x0000000713300000|  0%| F|  |TAMS 0x0000000713200000, 0x0000000713200000| Untracked 
| 161|0x0000000713300000, 0x0000000713300000, 0x0000000713400000|  0%| F|  |TAMS 0x0000000713300000, 0x0000000713300000| Untracked 
| 162|0x0000000713400000, 0x0000000713400000, 0x0000000713500000|  0%| F|  |TAMS 0x0000000713400000, 0x0000000713400000| Untracked 
| 163|0x0000000713500000, 0x0000000713500000, 0x0000000713600000|  0%| F|  |TAMS 0x0000000713500000, 0x0000000713500000| Untracked 
| 164|0x0000000713600000, 0x0000000713600000, 0x0000000713700000|  0%| F|  |TAMS 0x0000000713600000, 0x0000000713600000| Untracked 
| 165|0x0000000713700000, 0x0000000713700000, 0x0000000713800000|  0%| F|  |TAMS 0x0000000713700000, 0x0000000713700000| Untracked 
| 166|0x0000000713800000, 0x0000000713800000, 0x0000000713900000|  0%| F|  |TAMS 0x0000000713800000, 0x0000000713800000| Untracked 
| 167|0x0000000713900000, 0x0000000713900000, 0x0000000713a00000|  0%| F|  |TAMS 0x0000000713900000, 0x0000000713900000| Untracked 
| 168|0x0000000713a00000, 0x0000000713a00000, 0x0000000713b00000|  0%| F|  |TAMS 0x0000000713a00000, 0x0000000713a00000| Untracked 
| 169|0x0000000713b00000, 0x0000000713b00000, 0x0000000713c00000|  0%| F|  |TAMS 0x0000000713b00000, 0x0000000713b00000| Untracked 
| 170|0x0000000713c00000, 0x0000000713c00000, 0x0000000713d00000|  0%| F|  |TAMS 0x0000000713c00000, 0x0000000713c00000| Untracked 
| 171|0x0000000713d00000, 0x0000000713d00000, 0x0000000713e00000|  0%| F|  |TAMS 0x0000000713d00000, 0x0000000713d00000| Untracked 
| 172|0x0000000713e00000, 0x0000000713e00000, 0x0000000713f00000|  0%| F|  |TAMS 0x0000000713e00000, 0x0000000713e00000| Untracked 
| 173|0x0000000713f00000, 0x0000000713f00000, 0x0000000714000000|  0%| F|  |TAMS 0x0000000713f00000, 0x0000000713f00000| Untracked 
| 174|0x0000000714000000, 0x0000000714000000, 0x0000000714100000|  0%| F|  |TAMS 0x0000000714000000, 0x0000000714000000| Untracked 
| 175|0x0000000714100000, 0x0000000714100000, 0x0000000714200000|  0%| F|  |TAMS 0x0000000714100000, 0x0000000714100000| Untracked 
| 176|0x0000000714200000, 0x0000000714200000, 0x0000000714300000|  0%| F|  |TAMS 0x0000000714200000, 0x0000000714200000| Untracked 
| 177|0x0000000714300000, 0x0000000714300000, 0x0000000714400000|  0%| F|  |TAMS 0x0000000714300000, 0x0000000714300000| Untracked 
| 178|0x0000000714400000, 0x0000000714400000, 0x0000000714500000|  0%| F|  |TAMS 0x0000000714400000, 0x0000000714400000| Untracked 
| 179|0x0000000714500000, 0x0000000714500000, 0x0000000714600000|  0%| F|  |TAMS 0x0000000714500000, 0x0000000714500000| Untracked 
| 180|0x0000000714600000, 0x0000000714600000, 0x0000000714700000|  0%| F|  |TAMS 0x0000000714600000, 0x0000000714600000| Untracked 
| 181|0x0000000714700000, 0x0000000714700000, 0x0000000714800000|  0%| F|  |TAMS 0x0000000714700000, 0x0000000714700000| Untracked 
| 182|0x0000000714800000, 0x0000000714800000, 0x0000000714900000|  0%| F|  |TAMS 0x0000000714800000, 0x0000000714800000| Untracked 
| 183|0x0000000714900000, 0x0000000714900000, 0x0000000714a00000|  0%| F|  |TAMS 0x0000000714900000, 0x0000000714900000| Untracked 
| 184|0x0000000714a00000, 0x0000000714a00000, 0x0000000714b00000|  0%| F|  |TAMS 0x0000000714a00000, 0x0000000714a00000| Untracked 
| 185|0x0000000714b00000, 0x0000000714b00000, 0x0000000714c00000|  0%| F|  |TAMS 0x0000000714b00000, 0x0000000714b00000| Untracked 
| 186|0x0000000714c00000, 0x0000000714c00000, 0x0000000714d00000|  0%| F|  |TAMS 0x0000000714c00000, 0x0000000714c00000| Untracked 
| 187|0x0000000714d00000, 0x0000000714e00000, 0x0000000714e00000|100%| E|  |TAMS 0x0000000714d00000, 0x0000000714d00000| Complete 
| 188|0x0000000714e00000, 0x0000000714f00000, 0x0000000714f00000|100%| E|CS|TAMS 0x0000000714e00000, 0x0000000714e00000| Complete 
| 189|0x0000000714f00000, 0x0000000715000000, 0x0000000715000000|100%| E|CS|TAMS 0x0000000714f00000, 0x0000000714f00000| Complete 
| 190|0x0000000715000000, 0x0000000715100000, 0x0000000715100000|100%| E|CS|TAMS 0x0000000715000000, 0x0000000715000000| Complete 
| 191|0x0000000715100000, 0x0000000715200000, 0x0000000715200000|100%| E|CS|TAMS 0x0000000715100000, 0x0000000715100000| Complete 
| 192|0x0000000715200000, 0x0000000715300000, 0x0000000715300000|100%| E|CS|TAMS 0x0000000715200000, 0x0000000715200000| Complete 
| 193|0x0000000715300000, 0x0000000715400000, 0x0000000715400000|100%| E|CS|TAMS 0x0000000715300000, 0x0000000715300000| Complete 
| 194|0x0000000715400000, 0x0000000715500000, 0x0000000715500000|100%| E|CS|TAMS 0x0000000715400000, 0x0000000715400000| Complete 
| 195|0x0000000715500000, 0x0000000715600000, 0x0000000715600000|100%| E|CS|TAMS 0x0000000715500000, 0x0000000715500000| Complete 
| 196|0x0000000715600000, 0x0000000715700000, 0x0000000715700000|100%| E|CS|TAMS 0x0000000715600000, 0x0000000715600000| Complete 
| 197|0x0000000715700000, 0x0000000715800000, 0x0000000715800000|100%| E|CS|TAMS 0x0000000715700000, 0x0000000715700000| Complete 
| 198|0x0000000715800000, 0x0000000715900000, 0x0000000715900000|100%| E|CS|TAMS 0x0000000715800000, 0x0000000715800000| Complete 
| 199|0x0000000715900000, 0x0000000715a00000, 0x0000000715a00000|100%| E|CS|TAMS 0x0000000715900000, 0x0000000715900000| Complete 
| 200|0x0000000715a00000, 0x0000000715b00000, 0x0000000715b00000|100%| E|CS|TAMS 0x0000000715a00000, 0x0000000715a00000| Complete 
| 201|0x0000000715b00000, 0x0000000715c00000, 0x0000000715c00000|100%| E|CS|TAMS 0x0000000715b00000, 0x0000000715b00000| Complete 
| 202|0x0000000715c00000, 0x0000000715d00000, 0x0000000715d00000|100%| E|CS|TAMS 0x0000000715c00000, 0x0000000715c00000| Complete 
| 203|0x0000000715d00000, 0x0000000715e00000, 0x0000000715e00000|100%| E|CS|TAMS 0x0000000715d00000, 0x0000000715d00000| Complete 
| 204|0x0000000715e00000, 0x0000000715f00000, 0x0000000715f00000|100%| E|CS|TAMS 0x0000000715e00000, 0x0000000715e00000| Complete 
| 205|0x0000000715f00000, 0x0000000716000000, 0x0000000716000000|100%| E|CS|TAMS 0x0000000715f00000, 0x0000000715f00000| Complete 
| 206|0x0000000716000000, 0x0000000716100000, 0x0000000716100000|100%| E|  |TAMS 0x0000000716000000, 0x0000000716000000| Complete 
| 207|0x0000000716100000, 0x0000000716200000, 0x0000000716200000|100%| E|CS|TAMS 0x0000000716100000, 0x0000000716100000| Complete 
| 208|0x0000000716200000, 0x0000000716300000, 0x0000000716300000|100%| E|CS|TAMS 0x0000000716200000, 0x0000000716200000| Complete 
| 209|0x0000000716300000, 0x0000000716400000, 0x0000000716400000|100%| E|CS|TAMS 0x0000000716300000, 0x0000000716300000| Complete 
| 210|0x0000000716400000, 0x0000000716500000, 0x0000000716500000|100%| E|CS|TAMS 0x0000000716400000, 0x0000000716400000| Complete 
| 211|0x0000000716500000, 0x0000000716600000, 0x0000000716600000|100%| E|CS|TAMS 0x0000000716500000, 0x0000000716500000| Complete 
| 212|0x0000000716600000, 0x0000000716700000, 0x0000000716700000|100%| E|CS|TAMS 0x0000000716600000, 0x0000000716600000| Complete 
| 213|0x0000000716700000, 0x0000000716800000, 0x0000000716800000|100%| E|CS|TAMS 0x0000000716700000, 0x0000000716700000| Complete 
| 214|0x0000000716800000, 0x0000000716900000, 0x0000000716900000|100%| E|CS|TAMS 0x0000000716800000, 0x0000000716800000| Complete 
| 215|0x0000000716900000, 0x00000007169d7c50, 0x0000000716a00000| 84%| S|CS|TAMS 0x0000000716900000, 0x0000000716900000| Complete 
| 216|0x0000000716a00000, 0x0000000716b00000, 0x0000000716b00000|100%| S|CS|TAMS 0x0000000716a00000, 0x0000000716a00000| Complete 
| 217|0x0000000716b00000, 0x0000000716c00000, 0x0000000716c00000|100%| S|CS|TAMS 0x0000000716b00000, 0x0000000716b00000| Complete 
| 218|0x0000000716c00000, 0x0000000716d00000, 0x0000000716d00000|100%| E|CS|TAMS 0x0000000716c00000, 0x0000000716c00000| Complete 
| 219|0x0000000716d00000, 0x0000000716e00000, 0x0000000716e00000|100%| E|CS|TAMS 0x0000000716d00000, 0x0000000716d00000| Complete 
| 220|0x0000000716e00000, 0x0000000716f00000, 0x0000000716f00000|100%| E|CS|TAMS 0x0000000716e00000, 0x0000000716e00000| Complete 
| 221|0x0000000716f00000, 0x0000000717000000, 0x0000000717000000|100%| E|CS|TAMS 0x0000000716f00000, 0x0000000716f00000| Complete 
| 222|0x0000000717000000, 0x0000000717100000, 0x0000000717100000|100%| E|CS|TAMS 0x0000000717000000, 0x0000000717000000| Complete 
| 223|0x0000000717100000, 0x0000000717200000, 0x0000000717200000|100%| E|CS|TAMS 0x0000000717100000, 0x0000000717100000| Complete 
| 224|0x0000000717200000, 0x0000000717300000, 0x0000000717300000|100%| E|CS|TAMS 0x0000000717200000, 0x0000000717200000| Complete 
| 225|0x0000000717300000, 0x0000000717400000, 0x0000000717400000|100%| E|CS|TAMS 0x0000000717300000, 0x0000000717300000| Complete 
| 226|0x0000000717400000, 0x0000000717500000, 0x0000000717500000|100%| E|CS|TAMS 0x0000000717400000, 0x0000000717400000| Complete 
| 227|0x0000000717500000, 0x0000000717600000, 0x0000000717600000|100%| E|CS|TAMS 0x0000000717500000, 0x0000000717500000| Complete 
| 228|0x0000000717600000, 0x0000000717700000, 0x0000000717700000|100%| E|CS|TAMS 0x0000000717600000, 0x0000000717600000| Complete 
| 229|0x0000000717700000, 0x0000000717800000, 0x0000000717800000|100%| E|CS|TAMS 0x0000000717700000, 0x0000000717700000| Complete 
| 230|0x0000000717800000, 0x0000000717900000, 0x0000000717900000|100%| E|CS|TAMS 0x0000000717800000, 0x0000000717800000| Complete 
| 231|0x0000000717900000, 0x0000000717a00000, 0x0000000717a00000|100%| E|CS|TAMS 0x0000000717900000, 0x0000000717900000| Complete 
| 232|0x0000000717a00000, 0x0000000717b00000, 0x0000000717b00000|100%| E|CS|TAMS 0x0000000717a00000, 0x0000000717a00000| Complete 
| 233|0x0000000717b00000, 0x0000000717c00000, 0x0000000717c00000|100%| E|CS|TAMS 0x0000000717b00000, 0x0000000717b00000| Complete 
| 234|0x0000000717c00000, 0x0000000717d00000, 0x0000000717d00000|100%| E|CS|TAMS 0x0000000717c00000, 0x0000000717c00000| Complete 
| 235|0x0000000717d00000, 0x0000000717e00000, 0x0000000717e00000|100%| E|CS|TAMS 0x0000000717d00000, 0x0000000717d00000| Complete 
| 236|0x0000000717e00000, 0x0000000717f00000, 0x0000000717f00000|100%| E|CS|TAMS 0x0000000717e00000, 0x0000000717e00000| Complete 
| 237|0x0000000717f00000, 0x0000000718000000, 0x0000000718000000|100%| E|CS|TAMS 0x0000000717f00000, 0x0000000717f00000| Complete 
| 238|0x0000000718000000, 0x0000000718100000, 0x0000000718100000|100%| E|CS|TAMS 0x0000000718000000, 0x0000000718000000| Complete 
| 239|0x0000000718100000, 0x0000000718200000, 0x0000000718200000|100%| E|CS|TAMS 0x0000000718100000, 0x0000000718100000| Complete 
| 240|0x0000000718200000, 0x0000000718300000, 0x0000000718300000|100%| E|CS|TAMS 0x0000000718200000, 0x0000000718200000| Complete 
| 241|0x0000000718300000, 0x0000000718400000, 0x0000000718400000|100%| E|CS|TAMS 0x0000000718300000, 0x0000000718300000| Complete 
| 242|0x0000000718400000, 0x0000000718500000, 0x0000000718500000|100%| E|CS|TAMS 0x0000000718400000, 0x0000000718400000| Complete 
| 243|0x0000000718500000, 0x0000000718600000, 0x0000000718600000|100%| E|CS|TAMS 0x0000000718500000, 0x0000000718500000| Complete 
| 244|0x0000000718600000, 0x0000000718700000, 0x0000000718700000|100%| E|CS|TAMS 0x0000000718600000, 0x0000000718600000| Complete 
| 245|0x0000000718700000, 0x0000000718800000, 0x0000000718800000|100%| E|CS|TAMS 0x0000000718700000, 0x0000000718700000| Complete 
| 246|0x0000000718800000, 0x0000000718900000, 0x0000000718900000|100%| E|CS|TAMS 0x0000000718800000, 0x0000000718800000| Complete 
| 247|0x0000000718900000, 0x0000000718a00000, 0x0000000718a00000|100%| E|CS|TAMS 0x0000000718900000, 0x0000000718900000| Complete 

Card table byte_map: [0x0000021dbdd90000,0x0000021dbe550000] _byte_map_base: 0x0000021dba547000

Marking Bits (Prev, Next): (CMBitMap*) 0x0000021da66fc9b0, (CMBitMap*) 0x0000021da66fc978
 Prev Bits: [0x0000021dc2ad0000, 0x0000021dc6888000)
 Next Bits: [0x0000021dbed10000, 0x0000021dc2ac8000)

Polling page: 0x0000021da4410000

Metaspace:

Usage:
  Non-class:     29.47 MB capacity,    28.85 MB ( 98%) used,   514.84 KB (  2%) free+waste,   118.06 KB ( <1%) overhead. 
      Class:      4.20 MB capacity,     3.78 MB ( 90%) used,   370.52 KB (  9%) free+waste,    59.88 KB (  1%) overhead. 
       Both:     33.67 MB capacity,    32.63 MB ( 97%) used,   885.35 KB (  3%) free+waste,   177.94 KB ( <1%) overhead. 

Virtual space:
  Non-class space:       30.00 MB reserved,      29.50 MB ( 98%) committed 
      Class space:        1.00 GB reserved,       4.25 MB ( <1%) committed 
             Both:        1.03 GB reserved,      33.75 MB (  3%) committed 

Chunk freelists:
   Non-Class:  3.63 KB
       Class:  2.75 KB
        Both:  6.38 KB

CodeHeap 'non-profiled nmethods': size=119168Kb used=1575Kb max_used=1575Kb free=117592Kb
 bounds [0x0000021db58e0000, 0x0000021db5b50000, 0x0000021dbcd40000]
CodeHeap 'profiled nmethods': size=119168Kb used=7036Kb max_used=7036Kb free=112131Kb
 bounds [0x0000021dae480000, 0x0000021daeb60000, 0x0000021db58e0000]
CodeHeap 'non-nmethods': size=7424Kb used=2920Kb max_used=2943Kb free=4503Kb
 bounds [0x0000021dadd40000, 0x0000021dae0c0000, 0x0000021dae480000]
 total_blobs=3982 nmethods=3391 adapters=499
 compilation: enabled
              stopped_count=0, restarted_count=0
 full_count=0

Compilation events (10 events):
Event: 13.724 Thread 0x0000021dcb492800 nmethod 3372 0x0000021daeb44e90 code [0x0000021daeb45040, 0x0000021daeb45248]
Event: 13.724 Thread 0x0000021dca355000 nmethod 3371 0x0000021daeb45310 code [0x0000021daeb45500, 0x0000021daeb45a08]
Event: 13.724 Thread 0x0000021dca355000 3374   !   3       io.netty.channel.AbstractChannelHandlerContext::write (146 bytes)
Event: 13.724 Thread 0x0000021dcb492800 3375   !   3       io.netty.channel.AbstractChannelHandlerContext::invokeWrite0 (73 bytes)
Event: 13.724 Thread 0x0000021dca45c000 nmethod 3370 0x0000021daeb45b90 code [0x0000021daeb45e20, 0x0000021daeb46bb8]
Event: 13.724 Thread 0x0000021dca45c000 3373       1       io.netty.channel.DefaultChannelPromise::channel (5 bytes)
Event: 13.724 Thread 0x0000021dca45c000 nmethod 3373 0x0000021db5a68b90 code [0x0000021db5a68d20, 0x0000021db5a68dd8]
Event: 13.725 Thread 0x0000021dcb492800 nmethod 3375 0x0000021daeb46f90 code [0x0000021daeb471c0, 0x0000021daeb47d48]
Event: 13.726 Thread 0x0000021dca355000 nmethod 3374 0x0000021daeb48110 code [0x0000021daeb48580, 0x0000021daeb4b228]
Event: 13.727 Thread 0x0000021dca308000 nmethod 3368 0x0000021daeb4bf90 code [0x0000021daeb4c5e0, 0x0000021daeb4fdc8]

GC Heap History (6 events):
Event: 0.842 GC heap before
{Heap before GC invocations=0 (full 0):
 garbage-first heap   total 253952K, used 23552K [0x0000000709200000, 0x0000000800000000)
  region size 1024K, 24 young (24576K), 0 survivors (0K)
 Metaspace       used 12072K, capacity 12396K, committed 12672K, reserved 1060864K
  class space    used 1184K, capacity 1287K, committed 1408K, reserved 1048576K
}
Event: 0.845 GC heap after
{Heap after GC invocations=1 (full 0):
 garbage-first heap   total 253952K, used 5431K [0x0000000709200000, 0x0000000800000000)
  region size 1024K, 3 young (3072K), 3 survivors (3072K)
 Metaspace       used 12072K, capacity 12396K, committed 12672K, reserved 1060864K
  class space    used 1184K, capacity 1287K, committed 1408K, reserved 1048576K
}
Event: 1.560 GC heap before
{Heap before GC invocations=1 (full 0):
 garbage-first heap   total 253952K, used 58679K [0x0000000709200000, 0x0000000800000000)
  region size 1024K, 56 young (57344K), 3 survivors (3072K)
 Metaspace       used 20468K, capacity 21108K, committed 21248K, reserved 1069056K
  class space    used 2161K, capacity 2446K, committed 2560K, reserved 1048576K
}
Event: 1.566 GC heap after
{Heap after GC invocations=2 (full 0):
 garbage-first heap   total 253952K, used 10792K [0x0000000709200000, 0x0000000800000000)
  region size 1024K, 9 young (9216K), 9 survivors (9216K)
 Metaspace       used 20468K, capacity 21108K, committed 21248K, reserved 1069056K
  class space    used 2161K, capacity 2446K, committed 2560K, reserved 1048576K
}
Event: 1.967 GC heap before
{Heap before GC invocations=3 (full 0):
 garbage-first heap   total 253952K, used 41512K [0x0000000709200000, 0x0000000800000000)
  region size 1024K, 39 young (39936K), 9 survivors (9216K)
 Metaspace       used 26715K, capacity 27501K, committed 27648K, reserved 1073152K
  class space    used 2969K, capacity 3328K, committed 3328K, reserved 1048576K
}
Event: 1.973 GC heap after
{Heap after GC invocations=4 (full 0):
 garbage-first heap   total 253952K, used 13265K [0x0000000709200000, 0x0000000800000000)
  region size 1024K, 3 young (3072K), 3 survivors (3072K)
 Metaspace       used 26715K, capacity 27501K, committed 27648K, reserved 1073152K
  class space    used 2969K, capacity 3328K, committed 3328K, reserved 1048576K
}

Deoptimization events (10 events):
Event: 13.599 Thread 0x0000021da669c800 Uncommon trap: reason=unstable_if action=reinterpret pc=0x0000021db597f6c8 method=java.util.HashMap.hash(Ljava/lang/Object;)I @ 1 c2
Event: 13.627 Thread 0x0000021da669c800 Uncommon trap: reason=unstable_if action=reinterpret pc=0x0000021db5a2d9e0 method=java.util.HashMap.hash(Ljava/lang/Object;)I @ 1 c2
Event: 13.665 Thread 0x0000021da669c800 Uncommon trap: reason=unstable_if action=reinterpret pc=0x0000021db5a51340 method=java.util.regex.Pattern$Slice.match(Ljava/util/regex/Matcher;ILjava/lang/CharSequence;)Z @ 29 c2
Event: 13.675 Thread 0x0000021da669c800 Uncommon trap: reason=unstable_if action=reinterpret pc=0x0000021db5a53568 method=org.yaml.snakeyaml.scanner.ScannerImpl.stalePossibleSimpleKeys()V @ 57 c2
Event: 13.680 Thread 0x0000021da669c800 Uncommon trap: reason=unstable_if action=reinterpret pc=0x0000021db5a51f40 method=org.yaml.snakeyaml.reader.StreamReader.ensureEnoughData(I)Z @ 34 c2
Event: 13.680 Thread 0x0000021da669c800 Uncommon trap: reason=unstable_if action=reinterpret pc=0x0000021db5a58eac method=org.yaml.snakeyaml.reader.StreamReader.ensureEnoughData(I)Z @ 4 c2
Event: 13.681 Thread 0x0000021da669c800 Uncommon trap: reason=unstable_if action=reinterpret pc=0x0000021db5a54684 method=org.yaml.snakeyaml.scanner.ScannerImpl.needMoreTokens()Z @ 4 c2
Event: 13.697 Thread 0x0000021da669c800 Uncommon trap: reason=unstable_if action=reinterpret pc=0x0000021db59ac760 method=java.util.regex.Matcher.reset()Ljava/util/regex/Matcher; @ 71 c2
Event: 13.697 Thread 0x0000021da669c800 Uncommon trap: reason=unstable_if action=reinterpret pc=0x0000021db5a1663c method=java.util.regex.Matcher.search(I)Z @ 76 c2
Event: 13.698 Thread 0x0000021da669c800 Uncommon trap: reason=unstable_if action=reinterpret pc=0x0000021db5a651d4 method=java.util.regex.Matcher.reset()Ljava/util/regex/Matcher; @ 71 c2

Classes redefined (0 events):
No events

Internal exceptions (10 events):
Event: 1.980 Thread 0x0000021da669c800 Exception <a 'java/lang/NoSuchMethodError'{0x0000000718947e80}: java.lang.invoke.DirectMethodHandle$Holder.invokeVirtual(Ljava/lang/Object;Ljava/lang/Object;)J> (0x0000000718947e80) thrown at [./open/src/hotspot/share/interpreter/linkResolver.cpp, line 77
Event: 2.002 Thread 0x0000021da669c800 Exception <a 'java/lang/NoSuchMethodError'{0x0000000718735598}: java.lang.invoke.DirectMethodHandle$Holder.invokeSpecial(Ljava/lang/Object;Ljava/lang/Object;Ljava/lang/Object;Ljava/lang/Object;Ljava/lang/Object;)V> (0x0000000718735598) thrown at [./open/s
Event: 2.003 Thread 0x0000021da669c800 Exception <a 'java/lang/NoSuchMethodError'{0x000000071873c1d0}: java.lang.invoke.DirectMethodHandle$Holder.invokeStatic(Ljava/lang/Object;Ljava/lang/Object;I)V> (0x000000071873c1d0) thrown at [./open/src/hotspot/share/interpreter/linkResolver.cpp, line 77
Event: 2.038 Thread 0x0000021da669c800 Exception <a 'java/lang/NoSuchMethodError'{0x0000000718439ed8}: java.lang.invoke.DirectMethodHandle$Holder.invokeSpecialIFC(Ljava/lang/Object;Ljava/lang/Object;Ljava/lang/Object;)I> (0x0000000718439ed8) thrown at [./open/src/hotspot/share/interpreter/link
Event: 2.092 Thread 0x0000021da669c800 Exception <a 'java/lang/NoSuchMethodError'{0x0000000717f62380}: java.lang.invoke.DirectMethodHandle$Holder.invokeSpecial(Ljava/lang/Object;Ljava/lang/Object;Ljava/lang/Object;Ljava/lang/Object;Ljava/lang/Object;Ljava/lang/Object;)V> (0x0000000717f62380) t
Event: 2.957 Thread 0x0000021da669c800 Exception <a 'java/lang/NoSuchMethodError'{0x000000071722e018}: java.lang.invoke.DirectMethodHandle$Holder.invokeSpecialIFC(Ljava/lang/Object;Ljava/lang/Object;Ljava/lang/Object;)Ljava/lang/Object;> (0x000000071722e018) thrown at [./open/src/hotspot/share
Event: 13.579 Thread 0x0000021da669c800 Implicit null exception at 0x0000021db5952a3e to 0x0000021db59535b9
Event: 13.580 Thread 0x0000021da669c800 Implicit null exception at 0x0000021db5919e2f to 0x0000021db5919ea9
Event: 13.599 Thread 0x0000021da669c800 Implicit null exception at 0x0000021db597f4d5 to 0x0000021db597f6b8
Event: 13.627 Thread 0x0000021da669c800 Implicit null exception at 0x0000021db5a2d7d5 to 0x0000021db5a2d9d0

Events (10 events):
Event: 13.697 loading class java/util/regex/Pattern$2 done
Event: 13.698 Thread 0x0000021da669c800 Uncommon trap: trap_request=0xffffff4d fr.pc=0x0000021db5a651d4 relative=0x00000000000009f4
Event: 13.698 Thread 0x0000021da669c800 DEOPT PACKING pc=0x0000021db5a651d4 sp=0x000000e5cfbfdb10
Event: 13.698 Thread 0x0000021da669c800 DEOPT UNPACKING pc=0x0000021dadd668af sp=0x000000e5cfbfda40 mode 2
Event: 13.698 loading class org/apache/commons/lang3/CharSequenceUtils
Event: 13.698 loading class org/apache/commons/lang3/CharSequenceUtils done
Event: 13.703 Executing VM operation: RevokeBias
Event: 13.703 Executing VM operation: RevokeBias done
Event: 13.703 Executing VM operation: BulkRevokeBias
Event: 13.704 Executing VM operation: BulkRevokeBias done


Dynamic libraries:
0x00007ff7d1d60000 - 0x00007ff7d1d6f000 	C:\Program Files\Java\jdk-11.0.16.1\bin\java.exe
0x00007ffc63490000 - 0x00007ffc63688000 	C:\WINDOWS\SYSTEM32\ntdll.dll
0x00007ffc2cc70000 - 0x00007ffc2cc87000 	C:\Program Files\Avast Software\Avast\aswhook.dll
0x00007ffc63080000 - 0x00007ffc6313f000 	C:\WINDOWS\System32\KERNEL32.DLL
0x00007ffc60f70000 - 0x00007ffc61242000 	C:\WINDOWS\System32\KERNELBASE.dll
0x00007ffc60b80000 - 0x00007ffc60c80000 	C:\WINDOWS\System32\ucrtbase.dll
0x00007ffc4a100000 - 0x00007ffc4a118000 	C:\Program Files\Java\jdk-11.0.16.1\bin\jli.dll
0x00007ffc49a50000 - 0x00007ffc49a65000 	C:\Program Files\Java\jdk-11.0.16.1\bin\VCRUNTIME140.dll
0x00007ffc62bd0000 - 0x00007ffc62c7e000 	C:\WINDOWS\System32\ADVAPI32.dll
0x00007ffc61b00000 - 0x00007ffc61b9e000 	C:\WINDOWS\System32\msvcrt.dll
0x00007ffc62fe0000 - 0x00007ffc6307c000 	C:\WINDOWS\System32\sechost.dll
0x00007ffc632a0000 - 0x00007ffc633c5000 	C:\WINDOWS\System32\RPCRT4.dll
0x00007ffc61c70000 - 0x00007ffc61e11000 	C:\WINDOWS\System32\USER32.dll
0x00007ffc61340000 - 0x00007ffc61362000 	C:\WINDOWS\System32\win32u.dll
0x00007ffc63140000 - 0x00007ffc6316b000 	C:\WINDOWS\System32\GDI32.dll
0x00007ffc4fd10000 - 0x00007ffc4ffaa000 	C:\WINDOWS\WinSxS\amd64_microsoft.windows.common-controls_6595b64144ccf1df_6.0.19041.1110_none_60b5254171f9507e\COMCTL32.dll
0x00007ffc60db0000 - 0x00007ffc60ebf000 	C:\WINDOWS\System32\gdi32full.dll
0x00007ffc60c80000 - 0x00007ffc60d1d000 	C:\WINDOWS\System32\msvcp_win.dll
0x00007ffc598a0000 - 0x00007ffc598aa000 	C:\WINDOWS\SYSTEM32\VERSION.dll
0x00007ffc62b90000 - 0x00007ffc62bc2000 	C:\WINDOWS\System32\IMM32.DLL
0x00007ffc43530000 - 0x00007ffc435cb000 	C:\Program Files\Java\jdk-11.0.16.1\bin\msvcp140.dll
0x00007ffbee140000 - 0x00007ffbeec58000 	C:\Program Files\Java\jdk-11.0.16.1\bin\server\jvm.dll
0x00007ffc61ba0000 - 0x00007ffc61ba8000 	C:\WINDOWS\System32\PSAPI.DLL
0x00007ffc4e3a0000 - 0x00007ffc4e3a9000 	C:\WINDOWS\SYSTEM32\WSOCK32.dll
0x00007ffc62c80000 - 0x00007ffc62ceb000 	C:\WINDOWS\System32\WS2_32.dll
0x00007ffc55600000 - 0x00007ffc55627000 	C:\WINDOWS\SYSTEM32\WINMM.dll
0x00007ffc5f420000 - 0x00007ffc5f432000 	C:\WINDOWS\SYSTEM32\kernel.appcore.dll
0x00007ffc57070000 - 0x00007ffc57080000 	C:\Program Files\Java\jdk-11.0.16.1\bin\verify.dll
0x00007ffc5f150000 - 0x00007ffc5f334000 	C:\WINDOWS\SYSTEM32\DBGHELP.DLL
0x00007ffc57f90000 - 0x00007ffc57fc5000 	C:\WINDOWS\SYSTEM32\dbgcore.DLL
0x00007ffc60d20000 - 0x00007ffc60da2000 	C:\WINDOWS\System32\bcryptPrimitives.dll
0x00007ffc47980000 - 0x00007ffc479a8000 	C:\Program Files\Java\jdk-11.0.16.1\bin\java.dll
0x00007ffc565d0000 - 0x00007ffc565da000 	C:\Program Files\Java\jdk-11.0.16.1\bin\jimage.dll
0x00007ffc5deb0000 - 0x00007ffc5debe000 	C:\Program Files\Java\jdk-11.0.16.1\bin\instrument.dll
0x00007ffc47960000 - 0x00007ffc47976000 	C:\Program Files\Java\jdk-11.0.16.1\bin\zip.dll
0x00007ffc62290000 - 0x00007ffc629d4000 	C:\WINDOWS\System32\SHELL32.dll
0x00007ffc5e8f0000 - 0x00007ffc5f082000 	C:\WINDOWS\SYSTEM32\windows.storage.dll
0x00007ffc61680000 - 0x00007ffc619d5000 	C:\WINDOWS\System32\combase.dll
0x00007ffc605e0000 - 0x00007ffc60610000 	C:\WINDOWS\SYSTEM32\Wldp.dll
0x00007ffc62e60000 - 0x00007ffc62f0d000 	C:\WINDOWS\System32\SHCORE.dll
0x00007ffc62a60000 - 0x00007ffc62ab5000 	C:\WINDOWS\System32\shlwapi.dll
0x00007ffc60ac0000 - 0x00007ffc60adf000 	C:\WINDOWS\SYSTEM32\profapi.dll
0x00007ffc44c10000 - 0x00007ffc44c29000 	C:\Program Files\Java\jdk-11.0.16.1\bin\net.dll
0x00007ffc5b630000 - 0x00007ffc5b73c000 	C:\WINDOWS\SYSTEM32\WINHTTP.dll
0x00007ffc60340000 - 0x00007ffc603aa000 	C:\WINDOWS\system32\mswsock.dll
0x00007ffc44bf0000 - 0x00007ffc44c02000 	C:\Program Files\Java\jdk-11.0.16.1\bin\nio.dll
0x00007ffc44790000 - 0x00007ffc447aa000 	D:\IntelliJ IDEA Community Edition 2022.2\bin\breakgen64.dll
0x00007ffc60540000 - 0x00007ffc60558000 	C:\WINDOWS\SYSTEM32\CRYPTSP.dll
0x00007ffc5fbf0000 - 0x00007ffc5fc24000 	C:\WINDOWS\system32\rsaenh.dll
0x00007ffc612c0000 - 0x00007ffc612e7000 	C:\WINDOWS\System32\bcrypt.dll
0x00007ffc60a80000 - 0x00007ffc60aae000 	C:\WINDOWS\SYSTEM32\USERENV.dll
0x00007ffc60530000 - 0x00007ffc6053c000 	C:\WINDOWS\SYSTEM32\CRYPTBASE.dll
0x00007ffc5ffe0000 - 0x00007ffc6001b000 	C:\WINDOWS\SYSTEM32\IPHLPAPI.DLL
0x00007ffc61c60000 - 0x00007ffc61c68000 	C:\WINDOWS\System32\NSI.dll
0x00007ffc59a90000 - 0x00007ffc59aa7000 	C:\WINDOWS\SYSTEM32\dhcpcsvc6.DLL
0x00007ffc59b40000 - 0x00007ffc59b5d000 	C:\WINDOWS\SYSTEM32\dhcpcsvc.DLL
0x00007ffc60020000 - 0x00007ffc600ea000 	C:\WINDOWS\SYSTEM32\DNSAPI.dll
0x00007ffc44390000 - 0x00007ffc443b5000 	C:\Program Files\Java\jdk-11.0.16.1\bin\sunec.dll
0x00007ffc59870000 - 0x00007ffc5987a000 	C:\Windows\System32\rasadhlp.dll
0x00007ffc59340000 - 0x00007ffc593c0000 	C:\WINDOWS\System32\fwpuclnt.dll
0x00007ffc4f820000 - 0x00007ffc4f829000 	C:\Program Files\Java\jdk-11.0.16.1\bin\management.dll
0x00007ffc4a0d0000 - 0x00007ffc4a0db000 	C:\Program Files\Java\jdk-11.0.16.1\bin\management_ext.dll

dbghelp: loaded successfully - version: 4.0.5 - missing functions: none
symbol engine: initialized successfully - sym options: 0x614 - pdb path: .;C:\Program Files\Java\jdk-11.0.16.1\bin;C:\WINDOWS\SYSTEM32;C:\Program Files\Avast Software\Avast;C:\WINDOWS\WinSxS\amd64_microsoft.windows.common-controls_6595b64144ccf1df_6.0.19041.1110_none_60b5254171f9507e;C:\Program Files\Java\jdk-11.0.16.1\bin\server;D:\IntelliJ IDEA Community Edition 2022.2\bin

VM Arguments:
jvm_args: -ea -Didea.test.cyclic.buffer.size=1048576 -javaagent:D:\IntelliJ IDEA Community Edition 2022.2\lib\idea_rt.jar=49187:D:\IntelliJ IDEA Community Edition 2022.2\bin -Dfile.encoding=UTF-8 
java_command: com.intellij.rt.testng.RemoteTestNGStarter -usedefaultlisteners false -socket49186 @w@C:\Users\Asus\AppData\Local\Temp\idea_working_dirs_testng2.tmp -temp C:\Users\Asus\AppData\Local\Temp\idea_testng2.tmp
java_class_path (initial): D:\IntelliJ IDEA Community Edition 2022.2\lib\idea_rt.jar;D:\IntelliJ IDEA Community Edition 2022.2\plugins\testng\lib\testng-rt.jar;C:\Users\Asus\IdeaProjects\TalentLMS_Fall2022\target\test-classes;C:\Users\Asus\IdeaProjects\TalentLMS_Fall2022\target\classes;C:\Users\Asus\.m2\repository\org\seleniumhq\selenium\selenium-java\4.8.0\selenium-java-4.8.0.jar;C:\Users\Asus\.m2\repository\org\seleniumhq\selenium\selenium-api\4.8.0\selenium-api-4.8.0.jar;C:\Users\Asus\.m2\repository\org\seleniumhq\selenium\selenium-chrome-driver\4.8.0\selenium-chrome-driver-4.8.0.jar;C:\Users\Asus\.m2\repository\com\google\auto\service\auto-service-annotations\1.0.1\auto-service-annotations-1.0.1.jar;C:\Users\Asus\.m2\repository\com\google\auto\service\auto-service\1.0.1\auto-service-1.0.1.jar;C:\Users\Asus\.m2\repository\com\google\auto\auto-common\1.2\auto-common-1.2.jar;C:\Users\Asus\.m2\repository\com\google\guava\guava\31.1-jre\guava-31.1-jre.jar;C:\Users\Asus\.m2\repository\com\google\guava\failureaccess\1.0.1\failureaccess-1.0.1.jar;C:\Users\Asus\.m2\repository\com\google\guava\listenablefuture\9999.0-empty-to-avoid-conflict-with-guava\listenablefuture-9999.0-empty-to-avoid-conflict-with-guava.jar;C:\Users\Asus\.m2\repository\com\google\code\findbugs\jsr305\3.0.2\jsr305-3.0.2.jar;C:\Users\Asus\.m2\repository\org\checkerframework\checker-qual\3.12.0\checker-qual-3.12.0.jar;C:\Users\Asus\.m2\repository\com\google\errorprone\error_prone_annotations\2.11.0\error_prone_annotations-2.11.0.jar;C:\Users\Asus\.m2\repository\com\google\j2objc\j2objc-annotations\1.3\j2objc-annotations-1.3.jar;C:\Users\Asus\.m2\repository\org\seleniumhq\selenium\selenium-chromium-driver\4.8.0\selenium-chromium-driver-4.8.0.jar;C:\Users\Asus\.m2\repository\org\seleniumhq\selenium\selenium-json\4.8.0\selenium-json-4.8.0.jar;C:\Users\Asus\.m2\repository\org\seleniumhq\selenium\selenium-devtools-v107\4.8.0\selenium-devtools-v107-4.8.0.jar;C:\Users\Asus\.m2\repository\org\seleniumhq\sele
Launcher Type: SUN_STANDARD

[Global flags]
     intx CICompilerCount                          = 12                                        {product} {ergonomic}
     uint ConcGCThreads                            = 3                                         {product} {ergonomic}
     uint G1ConcRefinementThreads                  = 13                                        {product} {ergonomic}
   size_t G1HeapRegionSize                         = 1048576                                   {product} {ergonomic}
    uintx GCDrainStackTargetSize                   = 64                                        {product} {ergonomic}
   size_t InitialHeapSize                          = 260046848                                 {product} {ergonomic}
   size_t MarkStackSize                            = 4194304                                   {product} {ergonomic}
   size_t MaxHeapSize                              = 4141875200                                {product} {ergonomic}
   size_t MaxNewSize                               = 2485125120                                {product} {ergonomic}
   size_t MinHeapDeltaBytes                        = 1048576                                   {product} {ergonomic}
    uintx NonNMethodCodeHeapSize                   = 7594288                                {pd product} {ergonomic}
    uintx NonProfiledCodeHeapSize                  = 122031976                              {pd product} {ergonomic}
    uintx ProfiledCodeHeapSize                     = 122031976                              {pd product} {ergonomic}
    uintx ReservedCodeCacheSize                    = 251658240                              {pd product} {ergonomic}
     bool SegmentedCodeCache                       = true                                      {product} {ergonomic}
     bool UseCompressedClassPointers               = true                                 {lp64_product} {ergonomic}
     bool UseCompressedOops                        = true                                 {lp64_product} {ergonomic}
     bool UseG1GC                                  = true                                      {product} {ergonomic}
     bool UseLargePagesIndividualAllocation        = false                                  {pd product} {ergonomic}

Logging:
Log output configuration:
 #0: stdout all=warning uptime,level,tags
 #1: stderr all=off uptime,level,tags

Environment Variables:
JAVA_HOME=C:\Program Files\Java\jdk-11.0.16.1
PATH=C:\Program Files\Common Files\Oracle\Java\javapath;C:\WINDOWS\system32;C:\WINDOWS;C:\WINDOWS\System32\Wbem;C:\WINDOWS\System32\WindowsPowerShell\v1.0\;C:\WINDOWS\System32\OpenSSH\;C:\Program Files\Git\cmd;C:\Program Files\Java\jdk-11.0.16.1\bin;C:\Program Files\apache-maven-4.0.0-alpha-3\bin;C:\Users\Asus\AppData\Local\Microsoft\WindowsApps;;D:\IntelliJ IDEA Community Edition 2022.2\bin;;C:\Users\Asus\AppData\Local\Programs\Microsoft VS Code\bin
USERNAME=Asus
OS=Windows_NT
PROCESSOR_IDENTIFIER=AMD64 Family 23 Model 96 Stepping 1, AuthenticAMD



---------------  S Y S T E M  ---------------

OS: Windows 10 , 64 bit Build 19041 (10.0.19041.2364)

CPU:total 16 (initial active 16) (16 cores per cpu, 2 threads per core) family 23 model 96 stepping 1 microcode 0x0, cmov, cx8, fxsr, mmx, sse, sse2, sse3, ssse3, sse4.1, sse4.2, popcnt, avx, avx2, aes, clmul, mmxext, 3dnowpref, lzcnt, sse4a, ht, tsc, tscinvbit, tscinv, bmi1, bmi2, adx, 

Memory: 4k page, system-wide physical 15792M (6891M free)
TotalPageFile size 16592M (AvailPageFile size 5M)
current process WorkingSet (physical memory assigned to process): 210M, peak: 210M
current process commit charge ("private bytes"): 433M, peak: 433M

vm_info: Java HotSpot(TM) 64-Bit Server VM (11.0.16.1+1-LTS-1) for windows-amd64 JRE (11.0.16.1+1-LTS-1), built on Aug 16 2022 01:46:01 by "mach5one" with MS VC++ 15.9 (VS2017)

END.
